Running with gitlab-runner 17.11.0 (0f67ff19)
  on 8e3c9dc631ab shLuDCxyZ, system ID: r_oxplT985tI20
Preparing the "docker" executor
00:06
Using Docker executor with image docker:dind ...
Pulling docker image docker:dind ...
Using docker image sha256:e3a7b304f65b8c7854db1322ca4f26dfa3729c3db9ce620aa72aa9ff18a60b38 for docker:dind with digest docker@sha256:f49e1c71b5d9f8ebe53715f78996ce42b8be4b1ec03875d187dfe3c03de1dc00 ...
Preparing environment
00:00
Running on runner-shludcxyz-project-69398674-concurrent-0 via efd8940e06b5...
Getting source from Git repository
00:03
Fetching changes with git depth set to 20...
Reinitialized existing Git repository in /builds/kuznets_lex/Shortest-path-problem/.git/
Created fresh repository.
Checking out b3322dcf as detached HEAD (ref is master)...
Removing target/
Skipping Git submodules setup
Executing "step_script" stage of the job script
00:13
Using docker image sha256:e3a7b304f65b8c7854db1322ca4f26dfa3729c3db9ce620aa72aa9ff18a60b38 for docker:dind with digest docker@sha256:f49e1c71b5d9f8ebe53715f78996ce42b8be4b1ec03875d187dfe3c03de1dc00 ...
$ docker compose build
time="2025-04-29T15:52:49Z" level=warning msg="/builds/kuznets_lex/Shortest-path-problem/docker-compose.yml: the attribute `version` is obsolete, it will be ignored, please remove it to avoid potential confusion"
Compose can now delegate builds to bake for better performance.
 To do so, set COMPOSE_BAKE=true.
#0 building with "default" instance using docker driver
#1 [api internal] load build definition from Dockerfile
#1 transferring dockerfile: 337B done
#1 DONE 0.0s
#2 [api internal] load .dockerignore
#2 transferring context: 306B done
#2 DONE 0.0s
#3 [api internal] load metadata for docker.io/library/maven:amazoncorretto
#3 DONE 0.0s
#4 [api internal] load metadata for docker.io/library/eclipse-temurin:24_36-jre-alpine-3.21
#4 DONE 3.8s
#5 [api stage-1 1/3] FROM docker.io/library/eclipse-temurin:24_36-jre-alpine-3.21@sha256:2b88976851406a7f185e9636656e578c8284a498dacaf77e1203a575e43cf84d
#5 DONE 0.0s
#6 [api builder 1/6] FROM docker.io/library/maven:amazoncorretto
#6 DONE 0.0s
#7 [api internal] load build context
#7 transferring context: 59.17kB 0.0s done
#7 DONE 0.0s
#8 [api builder 2/6] WORKDIR /build
#8 CACHED
#9 [api builder 3/6] COPY pom.xml ./
#9 CACHED
#10 [api builder 4/6] RUN mvn dependency:go-offline
#10 CACHED
#11 [api builder 5/6] COPY . ./
#11 DONE 0.0s
#12 [api builder 6/6] RUN mvn package -DskipTests
#12 0.758 [INFO] Scanning for projects...
#12 0.891 [INFO] 
#12 0.892 [INFO] -----------< org.shortest_path_problem:shortest-path-finder >-----------
#12 0.892 [INFO] Building shortest-path-finder 1.0-SNAPSHOT
#12 0.892 [INFO]   from pom.xml
#12 0.892 [INFO] --------------------------------[ jar ]---------------------------------
#12 1.076 Downloading from central: https://repo.maven.apache.org/maven2/io/micrometer/micrometer-observation/1.14.6/micrometer-observation-1.14.6.pom
Downloaded from central: https://repo.maven.apache.org/maven2/io/micrometer/micrometer-observation/1.14.6/micrometer-observation-1.14.6.pom (3.8 kB at 2.1 kB/s)
#12 2.951 Downloading from central: https://repo.maven.apache.org/maven2/io/micrometer/micrometer-commons/1.14.6/micrometer-commons-1.14.6.pom
Downloaded from central: https://repo.maven.apache.org/maven2/io/micrometer/micrometer-commons/1.14.6/micrometer-commons-1.14.6.pom (3.4 kB at 28 kB/s)
#12 3.139 Downloading from central: https://repo.maven.apache.org/maven2/org/junit/jupiter/junit-jupiter-api/5.11.4/junit-jupiter-api-5.11.4.pom
Downloaded from central: https://repo.maven.apache.org/maven2/org/junit/jupiter/junit-jupiter-api/5.11.4/junit-jupiter-api-5.11.4.pom (3.2 kB at 29 kB/s)
#12 3.256 Downloading from central: https://repo.maven.apache.org/maven2/org/junit/platform/junit-platform-commons/1.11.4/junit-platform-commons-1.11.4.pom
Downloaded from central: https://repo.maven.apache.org/maven2/org/junit/platform/junit-platform-commons/1.11.4/junit-platform-commons-1.11.4.pom (2.8 kB at 23 kB/s)
#12 3.389 Downloading from central: https://repo.maven.apache.org/maven2/org/junit/jupiter/junit-jupiter-params/5.11.4/junit-jupiter-params-5.11.4.pom
Downloaded from central: https://repo.maven.apache.org/maven2/org/junit/jupiter/junit-jupiter-params/5.11.4/junit-jupiter-params-5.11.4.pom (3.0 kB at 24 kB/s)
#12 3.526 Downloading from central: https://repo.maven.apache.org/maven2/org/junit/jupiter/junit-jupiter-engine/5.11.4/junit-jupiter-engine-5.11.4.pom
Downloaded from central: https://repo.maven.apache.org/maven2/org/junit/jupiter/junit-jupiter-engine/5.11.4/junit-jupiter-engine-5.11.4.pom (3.2 kB at 26 kB/s)
#12 3.651 Downloading from central: https://repo.maven.apache.org/maven2/org/junit/platform/junit-platform-engine/1.11.4/junit-platform-engine-1.11.4.pom
Downloaded from central: https://repo.maven.apache.org/maven2/org/junit/platform/junit-platform-engine/1.11.4/junit-platform-engine-1.11.4.pom (3.2 kB at 28 kB/s)
#12 3.891 Downloading from central: https://repo.maven.apache.org/maven2/com/fasterxml/jackson/dataformat/jackson-dataformat-yaml/2.18.3/jackson-dataformat-yaml-2.18.3.pom
Downloaded from central: https://repo.maven.apache.org/maven2/com/fasterxml/jackson/dataformat/jackson-dataformat-yaml/2.18.3/jackson-dataformat-yaml-2.18.3.pom (2.6 kB at 20 kB/s)
#12 4.024 Downloading from central: https://repo.maven.apache.org/maven2/com/fasterxml/jackson/dataformat/jackson-dataformats-text/2.18.3/jackson-dataformats-text-2.18.3.pom
Downloaded from central: https://repo.maven.apache.org/maven2/com/fasterxml/jackson/dataformat/jackson-dataformats-text/2.18.3/jackson-dataformats-text-2.18.3.pom (3.7 kB at 26 kB/s)
#12 4.220 Downloading from central: https://repo.maven.apache.org/maven2/io/micrometer/micrometer-observation/1.14.6/micrometer-observation-1.14.6.jar
Downloaded from central: https://repo.maven.apache.org/maven2/io/micrometer/micrometer-observation/1.14.6/micrometer-observation-1.14.6.jar (75 kB at 231 kB/s)
#12 4.549 Downloading from central: https://repo.maven.apache.org/maven2/io/micrometer/micrometer-commons/1.14.6/micrometer-commons-1.14.6.jar
#12 4.549 Downloading from central: https://repo.maven.apache.org/maven2/org/junit/jupiter/junit-jupiter-api/5.11.4/junit-jupiter-api-5.11.4.jar
#12 4.552 Downloading from central: https://repo.maven.apache.org/maven2/org/junit/platform/junit-platform-commons/1.11.4/junit-platform-commons-1.11.4.jar
#12 4.554 Downloading from central: https://repo.maven.apache.org/maven2/org/junit/jupiter/junit-jupiter-params/5.11.4/junit-jupiter-params-5.11.4.jar
#12 4.557 Downloading from central: https://repo.maven.apache.org/maven2/org/junit/jupiter/junit-jupiter-engine/5.11.4/junit-jupiter-engine-5.11.4.jar
Downloaded from central: https://repo.maven.apache.org/maven2/io/micrometer/micrometer-commons/1.14.6/micrometer-commons-1.14.6.jar (48 kB at 272 kB/s)
#12 4.722 Downloading from central: https://repo.maven.apache.org/maven2/org/junit/platform/junit-platform-engine/1.11.4/junit-platform-engine-1.11.4.jar
Downloaded from central: https://repo.maven.apache.org/maven2/org/junit/platform/junit-platform-engine/1.11.4/junit-platform-engine-1.11.4.jar (247 kB at 425 kB/s)
#12 5.136 Downloading from central: https://repo.maven.apache.org/maven2/com/fasterxml/jackson/dataformat/jackson-dataformat-yaml/2.18.3/jackson-dataformat-yaml-2.18.3.jar
Downloaded from central: https://repo.maven.apache.org/maven2/com/fasterxml/jackson/dataformat/jackson-dataformat-yaml/2.18.3/jackson-dataformat-yaml-2.18.3.jar (56 kB at 74 kB/s)
Downloaded from central: https://repo.maven.apache.org/maven2/org/junit/platform/junit-platform-commons/1.11.4/junit-platform-commons-1.11.4.jar (142 kB at 79 kB/s)
Downloaded from central: https://repo.maven.apache.org/maven2/org/junit/jupiter/junit-jupiter-api/5.11.4/junit-jupiter-api-5.11.4.jar (216 kB at 116 kB/s)
#12 6.417 Downloaded from central: https://repo.maven.apache.org/maven2/org/junit/jupiter/junit-jupiter-engine/5.11.4/junit-jupiter-engine-5.11.4.jar (260 kB at 139 kB/s)
Downloaded from central: https://repo.maven.apache.org/maven2/org/junit/jupiter/junit-jupiter-params/5.11.4/junit-jupiter-params-5.11.4.jar (592 kB at 266 kB/s)
#12 6.778 [INFO] 
#12 6.778 [INFO] --- resources:3.3.1:resources (default-resources) @ shortest-path-finder ---
#12 6.839 [INFO] skip non existing resourceDirectory /build/src/main/resources
#12 6.840 [INFO] skip non existing resourceDirectory /build/src/main/resources
#12 6.841 [INFO] 
#12 6.842 [INFO] --- compiler:3.11.0:compile (default-compile) @ shortest-path-finder ---
#12 6.918 [INFO] Changes detected - recompiling the module! :source
#12 6.919 [INFO] Compiling 11 source files with javac [debug release 17] to target/classes
#12 7.500 [INFO] 
#12 7.500 [INFO] --- resources:3.3.1:testResources (default-testResources) @ shortest-path-finder ---
#12 7.504 [INFO] skip non existing resourceDirectory /build/src/test/resources
#12 7.504 [INFO] 
#12 7.504 [INFO] --- compiler:3.11.0:testCompile (default-testCompile) @ shortest-path-finder ---
#12 7.507 [INFO] Changes detected - recompiling the module! :dependency
#12 7.507 [INFO] Compiling 2 source files with javac [debug release 17] to target/test-classes
#12 7.732 [INFO] 
#12 7.732 [INFO] --- surefire:3.5.3:test (default-test) @ shortest-path-finder ---
#12 7.883 [INFO] Tests are skipped.
#12 7.884 [INFO] 
#12 7.884 [INFO] --- jar:3.4.2:jar (default-jar) @ shortest-path-finder ---
#12 8.010 [INFO] Building jar: /build/target/shortest-path-finder-1.0-SNAPSHOT.jar
#12 8.030 [INFO] 
#12 8.030 [INFO] --- spring-boot:3.4.5:repackage (repackage) @ shortest-path-finder ---
#12 8.278 [INFO] Replacing main artifact /build/target/shortest-path-finder-1.0-SNAPSHOT.jar with repackaged archive, adding nested dependencies in BOOT-INF/.
#12 8.278 [INFO] The original artifact has been renamed to /build/target/shortest-path-finder-1.0-SNAPSHOT.jar.original
#12 8.278 [INFO] ------------------------------------------------------------------------
#12 8.278 [INFO] BUILD SUCCESS
#12 8.278 [INFO] ------------------------------------------------------------------------
#12 8.279 [INFO] Total time:  7.533 s
#12 8.279 [INFO] Finished at: 2025-04-29T15:53:01Z
#12 8.279 [INFO] ------------------------------------------------------------------------
#12 DONE 8.3s
#13 [api stage-1 2/3] WORKDIR /app
#13 CACHED
#14 [api stage-1 3/3] COPY --from=builder /build/target/*.jar app.jar
#14 DONE 0.0s
#15 [api] exporting to image
#15 exporting layers 0.0s done
#15 writing image sha256:5c0bd004edf55b1d74d7138a5398111db07cca4cfddcd59f9e3b103212c809b8 done
#15 naming to docker.io/kuzne/shortest-path-finder:latest done
#15 DONE 0.0s
#16 [api] resolving provenance for metadata file
#16 DONE 0.0s
 api  Built
Cleaning up project directory and file based variables
00:01
Job succeeded