* Host localhost:443 was resolved.
* IPv6: ::1
* IPv4: 127.0.0.1
  % Total    % Received % Xferd  Average Speed   Time    Time     Time  Current
                                 Dload  Upload   Total   Spent    Left  Speed

  0     0    0     0    0     0      0      0 --:--:-- --:--:-- --:--:--     0*   Trying [::1]:443...
* Connected to localhost (::1) port 443
* ALPN: curl offers h2,http/1.1
* (304) (OUT), TLS handshake, Client hello (1):
} [314 bytes data]
* (304) (IN), TLS handshake, Server hello (2):
{ [122 bytes data]
* (304) (IN), TLS handshake, Unknown (8):
{ [25 bytes data]
* (304) (IN), TLS handshake, Certificate (11):
{ [912 bytes data]
* (304) (IN), TLS handshake, CERT verify (15):
{ [264 bytes data]
* (304) (IN), TLS handshake, Finished (20):
{ [36 bytes data]
* (304) (OUT), TLS handshake, Finished (20):
} [36 bytes data]
* SSL connection using TLSv1.3 / AEAD-CHACHA20-POLY1305-SHA256 / [blank] / UNDEF
* ALPN: server accepted http/1.1
* Server certificate:
*  subject: C=RU; ST=Moscow; L=Moscow; O=kuzne; CN=kuzne
*  start date: May 18 07:37:01 2025 GMT
*  expire date: May 18 07:37:01 2026 GMT
*  issuer: C=RU; ST=Moscow; L=Moscow; O=kuzne; CN=kuzne
*  SSL certificate verify result: self signed certificate (18), continuing anyway.
* using HTTP/1.x
> GET / HTTP/1.1
> Host: localhost
> User-Agent: curl/8.7.1
> Accept: */*
> 
* Request completely sent off
< HTTP/1.1 200 OK
< Server: nginx/1.27.5
< Date: Sun, 18 May 2025 07:42:54 GMT
< Content-Type: text/html
< Content-Length: 116
< Last-Modified: Sun, 18 May 2025 07:30:47 GMT
< Connection: keep-alive
< ETag: "68298ca7-74"
< Accept-Ranges: bytes
< 
{ [116 bytes data]

100   116  100   116    0     0   1339      0 --:--:-- --:--:-- --:--:--  1348
* Connection #0 to host localhost left intact
<!DOCTYPE html>
<html>
<head><title>Kuznetsov test</title></head>
<body><h1>Moyo testovoe v Aton</h1></body>
</html>